<?xml version="1.0" encoding="UTF-8"?>
<!-- Generated by org.testng.reporters.JUnitXMLReporter -->
<testsuite ignored="12" hostname="LTIN732590" failures="0" tests="9" name="Test" time="117.047" errors="0" timestamp="2026-06-29T21:27:24 IST">
  <testcase classname="com.cognizant.testscripts.TC019_CandidateListingCreation" name="TC019_Candidate_Listing_Creation" time="13.004"/>
  <testcase classname="com.cognizant.testscripts.TC022_RentBoundaryValue" name="TC022_Rent_Boundary_Value" time="28.617"/>
  <testcase classname="com.cognizant.testscripts.TC023_CreatedListingCard" name="TC023_Created_Listing_Card" time="12.182"/>
  <testcase classname="com.cognizant.testscripts.TC018_ListingWithoutPhotos" name="TC018_Listing_Without_Photos" time="12.336"/>
  <testcase classname="com.cognizant.testscripts.TC021_UploadedImageCount" name="TC021_Uploaded_Image_Count" time="4.133"/>
  <testcase classname="com.cognizant.testscripts.TC020_RemoveUploadedPhoto" name="TC020_Remove_Uploaded_Photo" time="1.808"/>
  <testcase classname="com.cognizant.testscripts.TC017_CreateListingWithMandatoryDetails" name="TC017_Create_Listing_With_Mandatory_Details" time="11.705"/>
  <testcase classname="com.cognizant.testscripts.TC017_CreateListingWithMandatoryDetails" name="TC017_Create_Listing_With_Mandatory_Details" time="11.948"/>
  <testcase classname="com.cognizant.testscripts.TC017_CreateListingWithMandatoryDetails" name="TC017_Create_Listing_With_Mandatory_Details" time="12.02"/>
  <testcase classname="com.cognizant.base.BaseClass" name="@BeforeSuite openTheBrowser" time="0.0">
    <ignored/>
  </testcase> <!-- @BeforeSuite openTheBrowser -->
  <testcase classname="com.cognizant.base.BaseClass" name="@AfterSuite closeTheBrowser" time="0.0">
    <ignored/>
  </testcase> <!-- @AfterSuite closeTheBrowser -->
  <testcase classname="com.cognizant.base.BaseClass" name="@BeforeSuite openTheBrowser" time="0.0">
    <ignored/>
  </testcase> <!-- @BeforeSuite openTheBrowser -->
  <testcase classname="com.cognizant.base.BaseClass" name="@BeforeSuite openTheBrowser" time="0.0">
    <ignored/>
  </testcase> <!-- @BeforeSuite openTheBrowser -->
  <testcase classname="com.cognizant.base.BaseClass" name="@AfterSuite closeTheBrowser" time="0.0">
    <ignored/>
  </testcase> <!-- @AfterSuite closeTheBrowser -->
  <testcase classname="com.cognizant.base.BaseClass" name="@BeforeSuite openTheBrowser" time="0.0">
    <ignored/>
  </testcase> <!-- @BeforeSuite openTheBrowser -->
  <testcase classname="com.cognizant.base.BaseClass" name="@AfterSuite closeTheBrowser" time="0.0">
    <ignored/>
  </testcase> <!-- @AfterSuite closeTheBrowser -->
  <testcase classname="com.cognizant.base.BaseClass" name="@BeforeSuite openTheBrowser" time="0.0">
    <ignored/>
  </testcase> <!-- @BeforeSuite openTheBrowser -->
  <testcase classname="com.cognizant.base.BaseClass" name="@AfterSuite closeTheBrowser" time="0.0">
    <ignored/>
  </testcase> <!-- @AfterSuite closeTheBrowser -->
  <testcase classname="com.cognizant.base.BaseClass" name="@AfterSuite closeTheBrowser" time="0.0">
    <ignored/>
  </testcase> <!-- @AfterSuite closeTheBrowser -->
  <testcase classname="com.cognizant.base.BaseClass" name="@BeforeSuite openTheBrowser" time="0.0">
    <ignored/>
  </testcase> <!-- @BeforeSuite openTheBrowser -->
  <testcase classname="com.cognizant.base.BaseClass" name="@AfterSuite closeTheBrowser" time="0.0">
    <ignored/>
  </testcase> <!-- @AfterSuite closeTheBrowser -->
</testsuite> <!-- Test -->
