<?xml version="1.0" encoding="UTF-8"?>
<testng-results ignored="0" total="10" passed="8" failed="2" skipped="0">
  <reporter-output>
    <line>
      <![CDATA[Successfully Launched Chrome Browser]]>
    </line>
    <line>
      <![CDATA[Browser window is maximized successfully]]>
    </line>
  </reporter-output>
  <suite started-at="2026-06-29T18:04:07 IST" name="Default suite" finished-at="2026-06-29T18:05:47 IST" duration-ms="99551">
    <groups>
      <group name="Smoke Testing">
        <method signature="TCListRoom.createListingWithMandatoryDetails(java.lang.String,java.lang.String,java.lang.String,java.lang.String,java.lang.String,java.lang.String,java.lang.String,java.lang.String,java.lang.String,java.lang.String,java.lang.String,java.lang.String,java.lang.String)[pri:1, instance:com.cognizant.testscripts.TCListRoom@367ffa75]" name="createListingWithMandatoryDetails" class="com.cognizant.testscripts.TCListRoom"/>
      </group> <!-- Smoke Testing -->
      <group name="Boundary Value Testing">
        <method signature="TCListRoom.TC022_Rent_Boundary_Value()[pri:0, instance:com.cognizant.testscripts.TCListRoom@367ffa75]" name="TC022_Rent_Boundary_Value" class="com.cognizant.testscripts.TCListRoom"/>
      </group> <!-- Boundary Value Testing -->
      <group name="candidate">
        <method signature="TCListRoom.TC019_Candidate_Listing_Creation()[pri:0, instance:com.cognizant.testscripts.TCListRoom@367ffa75]" name="TC019_Candidate_Listing_Creation" class="com.cognizant.testscripts.TCListRoom"/>
      </group> <!-- candidate -->
      <group name="Invalid input testing(Invalid or blank fields)">
        <method signature="TCListRoom.TC022_Rent_Boundary_Value()[pri:0, instance:com.cognizant.testscripts.TCListRoom@367ffa75]" name="TC022_Rent_Boundary_Value" class="com.cognizant.testscripts.TCListRoom"/>
      </group> <!-- Invalid input testing(Invalid or blank fields) -->
      <group name="Negative Testing">
        <method signature="TCListRoom.TC022_Rent_Boundary_Value()[pri:0, instance:com.cognizant.testscripts.TCListRoom@367ffa75]" name="TC022_Rent_Boundary_Value" class="com.cognizant.testscripts.TCListRoom"/>
      </group> <!-- Negative Testing -->
      <group name="Positive Testing">
        <method signature="TCListRoom.TC018_Listing_Without_Photos()[pri:0, instance:com.cognizant.testscripts.TCListRoom@367ffa75]" name="TC018_Listing_Without_Photos" class="com.cognizant.testscripts.TCListRoom"/>
        <method signature="TCListRoom.TC019_Candidate_Listing_Creation()[pri:0, instance:com.cognizant.testscripts.TCListRoom@367ffa75]" name="TC019_Candidate_Listing_Creation" class="com.cognizant.testscripts.TCListRoom"/>
        <method signature="TCListRoom.TC020_Remove_Uploaded_Photo()[pri:0, instance:com.cognizant.testscripts.TCListRoom@367ffa75]" name="TC020_Remove_Uploaded_Photo" class="com.cognizant.testscripts.TCListRoom"/>
        <method signature="TCListRoom.TC021_Uploaded_Image_Count()[pri:0, instance:com.cognizant.testscripts.TCListRoom@367ffa75]" name="TC021_Uploaded_Image_Count" class="com.cognizant.testscripts.TCListRoom"/>
        <method signature="TCListRoom.TC022_Rent_Boundary_Value()[pri:0, instance:com.cognizant.testscripts.TCListRoom@367ffa75]" name="TC022_Rent_Boundary_Value" class="com.cognizant.testscripts.TCListRoom"/>
        <method signature="TCListRoom.TC023_Created_Listing_Card()[pri:0, instance:com.cognizant.testscripts.TCListRoom@367ffa75]" name="TC023_Created_Listing_Card" class="com.cognizant.testscripts.TCListRoom"/>
        <method signature="TCListRoom.createListingWithMandatoryDetails(java.lang.String,java.lang.String,java.lang.String,java.lang.String,java.lang.String,java.lang.String,java.lang.String,java.lang.String,java.lang.String,java.lang.String,java.lang.String,java.lang.String,java.lang.String)[pri:1, instance:com.cognizant.testscripts.TCListRoom@367ffa75]" name="createListingWithMandatoryDetails" class="com.cognizant.testscripts.TCListRoom"/>
        <method signature="TCListRoom.verifyCreatedListingInMyListings()[pri:2, instance:com.cognizant.testscripts.TCListRoom@367ffa75]" name="verifyCreatedListingInMyListings" class="com.cognizant.testscripts.TCListRoom"/>
      </group> <!-- Positive Testing -->
      <group name="Functional Testing">
        <method signature="TCListRoom.TC018_Listing_Without_Photos()[pri:0, instance:com.cognizant.testscripts.TCListRoom@367ffa75]" name="TC018_Listing_Without_Photos" class="com.cognizant.testscripts.TCListRoom"/>
        <method signature="TCListRoom.TC019_Candidate_Listing_Creation()[pri:0, instance:com.cognizant.testscripts.TCListRoom@367ffa75]" name="TC019_Candidate_Listing_Creation" class="com.cognizant.testscripts.TCListRoom"/>
        <method signature="TCListRoom.TC020_Remove_Uploaded_Photo()[pri:0, instance:com.cognizant.testscripts.TCListRoom@367ffa75]" name="TC020_Remove_Uploaded_Photo" class="com.cognizant.testscripts.TCListRoom"/>
        <method signature="TCListRoom.TC021_Uploaded_Image_Count()[pri:0, instance:com.cognizant.testscripts.TCListRoom@367ffa75]" name="TC021_Uploaded_Image_Count" class="com.cognizant.testscripts.TCListRoom"/>
        <method signature="TCListRoom.TC022_Rent_Boundary_Value()[pri:0, instance:com.cognizant.testscripts.TCListRoom@367ffa75]" name="TC022_Rent_Boundary_Value" class="com.cognizant.testscripts.TCListRoom"/>
        <method signature="TCListRoom.TC023_Created_Listing_Card()[pri:0, instance:com.cognizant.testscripts.TCListRoom@367ffa75]" name="TC023_Created_Listing_Card" class="com.cognizant.testscripts.TCListRoom"/>
        <method signature="TCListRoom.createListingWithMandatoryDetails(java.lang.String,java.lang.String,java.lang.String,java.lang.String,java.lang.String,java.lang.String,java.lang.String,java.lang.String,java.lang.String,java.lang.String,java.lang.String,java.lang.String,java.lang.String)[pri:1, instance:com.cognizant.testscripts.TCListRoom@367ffa75]" name="createListingWithMandatoryDetails" class="com.cognizant.testscripts.TCListRoom"/>
        <method signature="TCListRoom.verifyCreatedListingInMyListings()[pri:2, instance:com.cognizant.testscripts.TCListRoom@367ffa75]" name="verifyCreatedListingInMyListings" class="com.cognizant.testscripts.TCListRoom"/>
      </group> <!-- Functional Testing -->
      <group name="UI Testing">
        <method signature="TCListRoom.TC020_Remove_Uploaded_Photo()[pri:0, instance:com.cognizant.testscripts.TCListRoom@367ffa75]" name="TC020_Remove_Uploaded_Photo" class="com.cognizant.testscripts.TCListRoom"/>
        <method signature="TCListRoom.TC021_Uploaded_Image_Count()[pri:0, instance:com.cognizant.testscripts.TCListRoom@367ffa75]" name="TC021_Uploaded_Image_Count" class="com.cognizant.testscripts.TCListRoom"/>
        <method signature="TCListRoom.TC023_Created_Listing_Card()[pri:0, instance:com.cognizant.testscripts.TCListRoom@367ffa75]" name="TC023_Created_Listing_Card" class="com.cognizant.testscripts.TCListRoom"/>
        <method signature="TCListRoom.verifyCreatedListingInMyListings()[pri:2, instance:com.cognizant.testscripts.TCListRoom@367ffa75]" name="verifyCreatedListingInMyListings" class="com.cognizant.testscripts.TCListRoom"/>
      </group> <!-- UI Testing -->
    </groups>
    <test started-at="2026-06-29T18:04:07 IST" name="Default test" finished-at="2026-06-29T18:05:47 IST" duration-ms="99551">
      <class name="com.cognizant.testscripts.TCListRoom">
        <test-method is-config="true" signature="openTheBrowser(java.lang.String)[pri:0, instance:com.cognizant.testscripts.TCListRoom@367ffa75]" started-at="2026-06-29T18:04:07 IST" name="openTheBrowser" finished-at="2026-06-29T18:04:22 IST" duration-ms="14370" status="PASS">
          <params>
            <param index="0">
              <value>
                <![CDATA[chrome]]>
              </value>
            </param>
          </params>
          <reporter-output>
            <line>
              <![CDATA[Successfully Launched Chrome Browser]]>
            </line>
            <line>
              <![CDATA[Browser window is maximized successfully]]>
            </line>
          </reporter-output>
        </test-method> <!-- openTheBrowser -->
        <test-method is-config="true" signature="loginToApplication()[pri:0, instance:com.cognizant.testscripts.TCListRoom@367ffa75]" started-at="2026-06-29T18:04:22 IST" name="loginToApplication" finished-at="2026-06-29T18:04:26 IST" duration-ms="4219" status="PASS">
          <reporter-output>
          </reporter-output>
        </test-method> <!-- loginToApplication -->
        <test-method signature="TC018_Listing_Without_Photos()[pri:0, instance:com.cognizant.testscripts.TCListRoom@367ffa75]" started-at="2026-06-29T18:04:26 IST" name="TC018_Listing_Without_Photos" finished-at="2026-06-29T18:04:34 IST" duration-ms="8322" status="PASS">
          <reporter-output>
          </reporter-output>
        </test-method> <!-- TC018_Listing_Without_Photos -->
        <test-method is-config="true" signature="logoutOfApplication()[pri:0, instance:com.cognizant.testscripts.TCListRoom@367ffa75]" started-at="2026-06-29T18:04:34 IST" name="logoutOfApplication" finished-at="2026-06-29T18:04:35 IST" duration-ms="703" status="PASS">
          <reporter-output>
          </reporter-output>
        </test-method> <!-- logoutOfApplication -->
        <test-method is-config="true" signature="loginToApplication()[pri:0, instance:com.cognizant.testscripts.TCListRoom@367ffa75]" started-at="2026-06-29T18:04:35 IST" name="loginToApplication" finished-at="2026-06-29T18:04:36 IST" duration-ms="734" status="PASS">
          <reporter-output>
          </reporter-output>
        </test-method> <!-- loginToApplication -->
        <test-method signature="TC019_Candidate_Listing_Creation()[pri:0, instance:com.cognizant.testscripts.TCListRoom@367ffa75]" started-at="2026-06-29T18:04:36 IST" name="TC019_Candidate_Listing_Creation" finished-at="2026-06-29T18:04:52 IST" duration-ms="15947" status="FAIL">
          <exception class="org.openqa.selenium.TimeoutException">
            <message>
              <![CDATA[Expected condition failed: waiting for url to contain "/my-listings". Current url: "http://localhost:4200/create-listing"
(tried for 10 seconds with 500 milliseconds interval)
Build info: version: '4.41.0', revision: '9fc754f'
System info: os.name: 'Windows 11', os.arch: 'amd64', os.version: '10.0', java.version: '21.0.10'
Driver info: org.openqa.selenium.chrome.ChromeDriver
Capabilities {acceptInsecureCerts: false, browserName: chrome, browserVersion: 149.0.7827.103, chrome: {chromedriverVersion: 149.0.7827.155 (07b52360cc1..., userDataDir: C:\Users\2492381\AppData\Lo...}, fedcm:accounts: true, goog:chromeOptions: {debuggerAddress: localhost:50971}, goog:processID: 115528, networkConnectionEnabled: false, pageLoadStrategy: normal, platformName: windows, proxy: Proxy(), se:cdp: ws://localhost:50971/devtoo..., se:cdpVersion: 149.0.7827.103, setWindowRect: true, strictFileInteractability: false, timeouts: {implicit: 0, pageLoad: 300000, script: 30000}, unhandledPromptBehavior: dismiss and notify, webauthn:extension:credBlob: true, webauthn:extension:largeBlob: true, webauthn:extension:minPinLength: true, webauthn:extension:prf: true, webauthn:virtualAuthenticators: true}
Session ID: c292ef1c93ddfb02a84f576ff9d672f1]]>
            </message>
            <full-stacktrace>
              <![CDATA[org.openqa.selenium.TimeoutException: Expected condition failed: waiting for url to contain "/my-listings". Current url: "http://localhost:4200/create-listing"
(tried for 10 seconds with 500 milliseconds interval)
Build info: version: '4.41.0', revision: '9fc754f'
System info: os.name: 'Windows 11', os.arch: 'amd64', os.version: '10.0', java.version: '21.0.10'
Driver info: org.openqa.selenium.chrome.ChromeDriver
Capabilities {acceptInsecureCerts: false, browserName: chrome, browserVersion: 149.0.7827.103, chrome: {chromedriverVersion: 149.0.7827.155 (07b52360cc1..., userDataDir: C:\Users\2492381\AppData\Lo...}, fedcm:accounts: true, goog:chromeOptions: {debuggerAddress: localhost:50971}, goog:processID: 115528, networkConnectionEnabled: false, pageLoadStrategy: normal, platformName: windows, proxy: Proxy(), se:cdp: ws://localhost:50971/devtoo..., se:cdpVersion: 149.0.7827.103, setWindowRect: true, strictFileInteractability: false, timeouts: {implicit: 0, pageLoad: 300000, script: 30000}, unhandledPromptBehavior: dismiss and notify, webauthn:extension:credBlob: true, webauthn:extension:largeBlob: true, webauthn:extension:minPinLength: true, webauthn:extension:prf: true, webauthn:virtualAuthenticators: true}
Session ID: c292ef1c93ddfb02a84f576ff9d672f1
at org.openqa.selenium.support.ui.WebDriverWait.timeoutException(WebDriverWait.java:85)
at org.openqa.selenium.support.ui.FluentWait.until(FluentWait.java:233)
at com.cognizant.testscripts.TCListRoom.publishAndWaitForMyListings(TCListRoom.java:115)
at com.cognizant.testscripts.TCListRoom.TC019_Candidate_Listing_Creation(TCListRoom.java:235)
at java.base/jdk.internal.reflect.DirectMethodHandleAccessor.invoke(DirectMethodHandleAccessor.java:103)
at java.base/java.lang.reflect.Method.invoke(Method.java:580)
at org.testng.internal.invokers.MethodInvocationHelper.invokeMethod(MethodInvocationHelper.java:141)
at org.testng.internal.invokers.TestInvoker.invokeMethod(TestInvoker.java:687)
at org.testng.internal.invokers.TestInvoker.invokeTestMethod(TestInvoker.java:230)
at org.testng.internal.invokers.MethodRunner.runInSequence(MethodRunner.java:63)
at org.testng.internal.invokers.TestInvoker$MethodInvocationAgent.invoke(TestInvoker.java:995)
at org.testng.internal.invokers.TestInvoker.invokeTestMethods(TestInvoker.java:203)
at org.testng.internal.invokers.TestMethodWorker.invokeTestMethods(TestMethodWorker.java:154)
at org.testng.internal.invokers.TestMethodWorker.run(TestMethodWorker.java:134)
at java.base/java.util.ArrayList.forEach(ArrayList.java:1596)
at org.testng.TestRunner.privateRun(TestRunner.java:741)
at org.testng.TestRunner.run(TestRunner.java:616)
at org.testng.SuiteRunner.runTest(SuiteRunner.java:421)
at org.testng.SuiteRunner.runSequentially(SuiteRunner.java:413)
at org.testng.SuiteRunner.privateRun(SuiteRunner.java:373)
at org.testng.SuiteRunner.run(SuiteRunner.java:312)
at org.testng.SuiteRunnerWorker.runSuite(SuiteRunnerWorker.java:52)
at org.testng.SuiteRunnerWorker.run(SuiteRunnerWorker.java:95)
at org.testng.TestNG.runSuitesSequentially(TestNG.java:1274)
at org.testng.TestNG.runSuitesLocally(TestNG.java:1208)
at org.testng.TestNG.runSuites(TestNG.java:1112)
at org.testng.TestNG.run(TestNG.java:1079)
at org.testng.remote.AbstractRemoteTestNG.run(AbstractRemoteTestNG.java:115)
at org.testng.remote.RemoteTestNG.initAndRun(RemoteTestNG.java:293)
at org.testng.remote.RemoteTestNG.main(RemoteTestNG.java:91)
]]>
            </full-stacktrace>
          </exception> <!-- org.openqa.selenium.TimeoutException -->
          <reporter-output>
          </reporter-output>
        </test-method> <!-- TC019_Candidate_Listing_Creation -->
        <test-method is-config="true" signature="logoutOfApplication()[pri:0, instance:com.cognizant.testscripts.TCListRoom@367ffa75]" started-at="2026-06-29T18:04:52 IST" name="logoutOfApplication" finished-at="2026-06-29T18:04:52 IST" duration-ms="264" status="PASS">
          <reporter-output>
          </reporter-output>
        </test-method> <!-- logoutOfApplication -->
        <test-method is-config="true" signature="loginToApplication()[pri:0, instance:com.cognizant.testscripts.TCListRoom@367ffa75]" started-at="2026-06-29T18:04:52 IST" name="loginToApplication" finished-at="2026-06-29T18:04:53 IST" duration-ms="728" status="PASS">
          <reporter-output>
          </reporter-output>
        </test-method> <!-- loginToApplication -->
        <test-method signature="TC020_Remove_Uploaded_Photo()[pri:0, instance:com.cognizant.testscripts.TCListRoom@367ffa75]" started-at="2026-06-29T18:04:53 IST" name="TC020_Remove_Uploaded_Photo" finished-at="2026-06-29T18:04:59 IST" duration-ms="6525" status="PASS">
          <reporter-output>
          </reporter-output>
        </test-method> <!-- TC020_Remove_Uploaded_Photo -->
        <test-method is-config="true" signature="logoutOfApplication()[pri:0, instance:com.cognizant.testscripts.TCListRoom@367ffa75]" started-at="2026-06-29T18:04:59 IST" name="logoutOfApplication" finished-at="2026-06-29T18:05:00 IST" duration-ms="376" status="PASS">
          <reporter-output>
          </reporter-output>
        </test-method> <!-- logoutOfApplication -->
        <test-method is-config="true" signature="loginToApplication()[pri:0, instance:com.cognizant.testscripts.TCListRoom@367ffa75]" started-at="2026-06-29T18:05:00 IST" name="loginToApplication" finished-at="2026-06-29T18:05:01 IST" duration-ms="785" status="PASS">
          <reporter-output>
          </reporter-output>
        </test-method> <!-- loginToApplication -->
        <test-method signature="TC021_Uploaded_Image_Count()[pri:0, instance:com.cognizant.testscripts.TCListRoom@367ffa75]" started-at="2026-06-29T18:05:01 IST" name="TC021_Uploaded_Image_Count" finished-at="2026-06-29T18:05:06 IST" duration-ms="5426" status="PASS">
          <reporter-output>
          </reporter-output>
        </test-method> <!-- TC021_Uploaded_Image_Count -->
        <test-method is-config="true" signature="logoutOfApplication()[pri:0, instance:com.cognizant.testscripts.TCListRoom@367ffa75]" started-at="2026-06-29T18:05:06 IST" name="logoutOfApplication" finished-at="2026-06-29T18:05:06 IST" duration-ms="457" status="PASS">
          <reporter-output>
          </reporter-output>
        </test-method> <!-- logoutOfApplication -->
        <test-method is-config="true" signature="loginToApplication()[pri:0, instance:com.cognizant.testscripts.TCListRoom@367ffa75]" started-at="2026-06-29T18:05:06 IST" name="loginToApplication" finished-at="2026-06-29T18:05:07 IST" duration-ms="888" status="PASS">
          <reporter-output>
          </reporter-output>
        </test-method> <!-- loginToApplication -->
        <test-method signature="TC022_Rent_Boundary_Value()[pri:0, instance:com.cognizant.testscripts.TCListRoom@367ffa75]" started-at="2026-06-29T18:05:07 IST" name="TC022_Rent_Boundary_Value" finished-at="2026-06-29T18:05:20 IST" duration-ms="13049" status="FAIL">
          <exception class="java.lang.AssertionError">
            <message>
              <![CDATA[The following asserts failed:
Invalid rent -1 should show a proper rent validation message, not generic required-fields error. Actual: Please fill all required (*) fields. expected [false] but found [true],
Invalid rent 9999999999 should not expose SQL error. Actual: could not execute statement [Data truncation: Out of range value for column 'rent_amount' at row 1] [insert into postings (available_beds,created_at,expires_at,food_rating,food_review,locality_and_landmark,needs_reconfirmation,office_campus,pg_name,posted_by_user_id,reminder_sent,rent_amount,service_rating,service_review,sharing_type,status,tenant_preference,total_beds) values (?,?,?,?,?,?,?,?,?,?,?,?,?,?,?,?,?,?)]; SQL [insert into postings (available_beds,created_at,expires_at,food_rating,food_review,locality_and_landmark,needs_reconfirmation,office_campus,pg_name,posted_by_user_id,reminder_sent,rent_amount,service_rating,service_review,sharing_type,status,tenant_preference,total_beds) values (?,?,?,?,?,?,?,?,?,?,?,?,?,?,?,?,?,?)] expected [false] but found [true]]]>
            </message>
            <full-stacktrace>
              <![CDATA[java.lang.AssertionError: The following asserts failed:
Invalid rent -1 should show a proper rent validation message, not generic required-fields error. Actual: Please fill all required (*) fields. expected [false] but found [true],
Invalid rent 9999999999 should not expose SQL error. Actual: could not execute statement [Data truncation: Out of range value for column 'rent_amount' at row 1] [insert into postings (available_beds,created_at,expires_at,food_rating,food_review,locality_and_landmark,needs_reconfirmation,office_campus,pg_name,posted_by_user_id,reminder_sent,rent_amount,service_rating,service_review,sharing_type,status,tenant_preference,total_beds) values (?,?,?,?,?,?,?,?,?,?,?,?,?,?,?,?,?,?)]; SQL [insert into postings (available_beds,created_at,expires_at,food_rating,food_review,locality_and_landmark,needs_reconfirmation,office_campus,pg_name,posted_by_user_id,reminder_sent,rent_amount,service_rating,service_review,sharing_type,status,tenant_preference,total_beds) values (?,?,?,?,?,?,?,?,?,?,?,?,?,?,?,?,?,?)] expected [false] but found [true]
at org.testng.asserts.SoftAssert.assertAll(SoftAssert.java:46)
at org.testng.asserts.SoftAssert.assertAll(SoftAssert.java:30)
at com.cognizant.testscripts.TCListRoom.TC022_Rent_Boundary_Value(TCListRoom.java:305)
at java.base/jdk.internal.reflect.DirectMethodHandleAccessor.invoke(DirectMethodHandleAccessor.java:103)
at java.base/java.lang.reflect.Method.invoke(Method.java:580)
at org.testng.internal.invokers.MethodInvocationHelper.invokeMethod(MethodInvocationHelper.java:141)
at org.testng.internal.invokers.TestInvoker.invokeMethod(TestInvoker.java:687)
at org.testng.internal.invokers.TestInvoker.invokeTestMethod(TestInvoker.java:230)
at org.testng.internal.invokers.MethodRunner.runInSequence(MethodRunner.java:63)
at org.testng.internal.invokers.TestInvoker$MethodInvocationAgent.invoke(TestInvoker.java:995)
at org.testng.internal.invokers.TestInvoker.invokeTestMethods(TestInvoker.java:203)
at org.testng.internal.invokers.TestMethodWorker.invokeTestMethods(TestMethodWorker.java:154)
at org.testng.internal.invokers.TestMethodWorker.run(TestMethodWorker.java:134)
at java.base/java.util.ArrayList.forEach(ArrayList.java:1596)
at org.testng.TestRunner.privateRun(TestRunner.java:741)
at org.testng.TestRunner.run(TestRunner.java:616)
at org.testng.SuiteRunner.runTest(SuiteRunner.java:421)
at org.testng.SuiteRunner.runSequentially(SuiteRunner.java:413)
at org.testng.SuiteRunner.privateRun(SuiteRunner.java:373)
at org.testng.SuiteRunner.run(SuiteRunner.java:312)
at org.testng.SuiteRunnerWorker.runSuite(SuiteRunnerWorker.java:52)
at org.testng.SuiteRunnerWorker.run(SuiteRunnerWorker.java:95)
at org.testng.TestNG.runSuitesSequentially(TestNG.java:1274)
at org.testng.TestNG.runSuitesLocally(TestNG.java:1208)
at org.testng.TestNG.runSuites(TestNG.java:1112)
at org.testng.TestNG.run(TestNG.java:1079)
at org.testng.remote.AbstractRemoteTestNG.run(AbstractRemoteTestNG.java:115)
at org.testng.remote.RemoteTestNG.initAndRun(RemoteTestNG.java:293)
at org.testng.remote.RemoteTestNG.main(RemoteTestNG.java:91)
]]>
            </full-stacktrace>
          </exception> <!-- java.lang.AssertionError -->
          <reporter-output>
          </reporter-output>
        </test-method> <!-- TC022_Rent_Boundary_Value -->
        <test-method is-config="true" signature="logoutOfApplication()[pri:0, instance:com.cognizant.testscripts.TCListRoom@367ffa75]" started-at="2026-06-29T18:05:20 IST" name="logoutOfApplication" finished-at="2026-06-29T18:05:21 IST" duration-ms="280" status="PASS">
          <reporter-output>
          </reporter-output>
        </test-method> <!-- logoutOfApplication -->
        <test-method is-config="true" signature="loginToApplication()[pri:0, instance:com.cognizant.testscripts.TCListRoom@367ffa75]" started-at="2026-06-29T18:05:21 IST" name="loginToApplication" finished-at="2026-06-29T18:05:21 IST" duration-ms="523" status="PASS">
          <reporter-output>
          </reporter-output>
        </test-method> <!-- loginToApplication -->
        <test-method signature="TC023_Created_Listing_Card()[pri:0, instance:com.cognizant.testscripts.TCListRoom@367ffa75]" started-at="2026-06-29T18:05:21 IST" name="TC023_Created_Listing_Card" finished-at="2026-06-29T18:05:25 IST" duration-ms="3428" status="PASS">
          <reporter-output>
          </reporter-output>
        </test-method> <!-- TC023_Created_Listing_Card -->
        <test-method is-config="true" signature="logoutOfApplication()[pri:0, instance:com.cognizant.testscripts.TCListRoom@367ffa75]" started-at="2026-06-29T18:05:25 IST" name="logoutOfApplication" finished-at="2026-06-29T18:05:25 IST" duration-ms="210" status="PASS">
          <reporter-output>
          </reporter-output>
        </test-method> <!-- logoutOfApplication -->
        <test-method is-config="true" signature="loginToApplication()[pri:0, instance:com.cognizant.testscripts.TCListRoom@367ffa75]" started-at="2026-06-29T18:05:26 IST" name="loginToApplication" finished-at="2026-06-29T18:05:27 IST" duration-ms="382" status="PASS">
          <reporter-output>
          </reporter-output>
        </test-method> <!-- loginToApplication -->
        <test-method signature="createListingWithMandatoryDetails(java.lang.String,java.lang.String,java.lang.String,java.lang.String,java.lang.String,java.lang.String,java.lang.String,java.lang.String,java.lang.String,java.lang.String,java.lang.String,java.lang.String,java.lang.String)[pri:1, instance:com.cognizant.testscripts.TCListRoom@367ffa75]" started-at="2026-06-29T18:05:27 IST" name="createListingWithMandatoryDetails" data-provider="listRoomData" finished-at="2026-06-29T18:05:29 IST" duration-ms="2514" status="PASS">
          <params>
            <param index="0">
              <value>
                <![CDATA[TC017]]>
              </value>
            </param>
            <param index="1">
              <value>
                <![CDATA[Test PG]]>
              </value>
            </param>
            <param index="2">
              <value>
                <![CDATA[Near Navalur]]>
              </value>
            </param>
            <param index="3">
              <value>
                <![CDATA[Chennai]]>
              </value>
            </param>
            <param index="4">
              <value>
                <![CDATA[Siruseri]]>
              </value>
            </param>
            <param index="5">
              <value>
                <![CDATA[Double (2 beds)]]>
              </value>
            </param>
            <param index="6">
              <value>
                <![CDATA[1 of 2]]>
              </value>
            </param>
            <param index="7">
              <value>
                <![CDATA[Co-Living PG (anyone)]]>
              </value>
            </param>
            <param index="8">
              <value>
                <![CDATA[8000]]>
              </value>
            </param>
            <param index="9">
              <value>
                <![CDATA[5]]>
              </value>
            </param>
            <param index="10">
              <value>
                <![CDATA[5]]>
              </value>
            </param>
            <param index="11">
              <value>
                <![CDATA[Very good.]]>
              </value>
            </param>
            <param index="12">
              <value>
                <![CDATA[Very good.]]>
              </value>
            </param>
          </params>
          <reporter-output>
          </reporter-output>
        </test-method> <!-- createListingWithMandatoryDetails -->
        <test-method is-config="true" signature="logoutOfApplication()[pri:0, instance:com.cognizant.testscripts.TCListRoom@367ffa75]" started-at="2026-06-29T18:05:29 IST" name="logoutOfApplication" finished-at="2026-06-29T18:05:29 IST" duration-ms="182" status="PASS">
          <reporter-output>
          </reporter-output>
        </test-method> <!-- logoutOfApplication -->
        <test-method is-config="true" signature="loginToApplication()[pri:0, instance:com.cognizant.testscripts.TCListRoom@367ffa75]" started-at="2026-06-29T18:05:29 IST" name="loginToApplication" finished-at="2026-06-29T18:05:30 IST" duration-ms="371" status="PASS">
          <reporter-output>
          </reporter-output>
        </test-method> <!-- loginToApplication -->
        <test-method signature="createListingWithMandatoryDetails(java.lang.String,java.lang.String,java.lang.String,java.lang.String,java.lang.String,java.lang.String,java.lang.String,java.lang.String,java.lang.String,java.lang.String,java.lang.String,java.lang.String,java.lang.String)[pri:1, instance:com.cognizant.testscripts.TCListRoom@367ffa75]" started-at="2026-06-29T18:05:30 IST" name="createListingWithMandatoryDetails" data-provider="listRoomData" finished-at="2026-06-29T18:05:32 IST" duration-ms="2669" status="PASS">
          <params>
            <param index="0">
              <value>
                <![CDATA[TC018]]>
              </value>
            </param>
            <param index="1">
              <value>
                <![CDATA[Test PG No Photo]]>
              </value>
            </param>
            <param index="2">
              <value>
                <![CDATA[Near Navalur]]>
              </value>
            </param>
            <param index="3">
              <value>
                <![CDATA[Chennai]]>
              </value>
            </param>
            <param index="4">
              <value>
                <![CDATA[Siruseri]]>
              </value>
            </param>
            <param index="5">
              <value>
                <![CDATA[Double (2 beds)]]>
              </value>
            </param>
            <param index="6">
              <value>
                <![CDATA[1 of 2]]>
              </value>
            </param>
            <param index="7">
              <value>
                <![CDATA[Co-Living PG (anyone)]]>
              </value>
            </param>
            <param index="8">
              <value>
                <![CDATA[8000]]>
              </value>
            </param>
            <param index="9">
              <value>
                <![CDATA[5]]>
              </value>
            </param>
            <param index="10">
              <value>
                <![CDATA[5]]>
              </value>
            </param>
            <param index="11">
              <value>
                <![CDATA[Very good.]]>
              </value>
            </param>
            <param index="12">
              <value>
                <![CDATA[Very good.]]>
              </value>
            </param>
          </params>
          <reporter-output>
          </reporter-output>
        </test-method> <!-- createListingWithMandatoryDetails -->
        <test-method is-config="true" signature="logoutOfApplication()[pri:0, instance:com.cognizant.testscripts.TCListRoom@367ffa75]" started-at="2026-06-29T18:05:32 IST" name="logoutOfApplication" finished-at="2026-06-29T18:05:33 IST" duration-ms="191" status="PASS">
          <reporter-output>
          </reporter-output>
        </test-method> <!-- logoutOfApplication -->
        <test-method is-config="true" signature="loginToApplication()[pri:0, instance:com.cognizant.testscripts.TCListRoom@367ffa75]" started-at="2026-06-29T18:05:33 IST" name="loginToApplication" finished-at="2026-06-29T18:05:33 IST" duration-ms="370" status="PASS">
          <reporter-output>
          </reporter-output>
        </test-method> <!-- loginToApplication -->
        <test-method signature="createListingWithMandatoryDetails(java.lang.String,java.lang.String,java.lang.String,java.lang.String,java.lang.String,java.lang.String,java.lang.String,java.lang.String,java.lang.String,java.lang.String,java.lang.String,java.lang.String,java.lang.String)[pri:1, instance:com.cognizant.testscripts.TCListRoom@367ffa75]" started-at="2026-06-29T18:05:33 IST" name="createListingWithMandatoryDetails" data-provider="listRoomData" finished-at="2026-06-29T18:05:36 IST" duration-ms="3155" status="PASS">
          <params>
            <param index="0">
              <value>
                <![CDATA[TC017_ALT]]>
              </value>
            </param>
            <param index="1">
              <value>
                <![CDATA[Lake View PG]]>
              </value>
            </param>
            <param index="2">
              <value>
                <![CDATA[Near SIPCOT]]>
              </value>
            </param>
            <param index="3">
              <value>
                <![CDATA[Chennai]]>
              </value>
            </param>
            <param index="4">
              <value>
                <![CDATA[Sholinganallur]]>
              </value>
            </param>
            <param index="5">
              <value>
                <![CDATA[Triple (3 beds)]]>
              </value>
            </param>
            <param index="6">
              <value>
                <![CDATA[2 of 3]]>
              </value>
            </param>
            <param index="7">
              <value>
                <![CDATA[Co-Living PG (anyone)]]>
              </value>
            </param>
            <param index="8">
              <value>
                <![CDATA[9500]]>
              </value>
            </param>
            <param index="9">
              <value>
                <![CDATA[4]]>
              </value>
            </param>
            <param index="10">
              <value>
                <![CDATA[5]]>
              </value>
            </param>
            <param index="11">
              <value>
                <![CDATA[Food is good.]]>
              </value>
            </param>
            <param index="12">
              <value>
                <![CDATA[Service is prompt.]]>
              </value>
            </param>
          </params>
          <reporter-output>
          </reporter-output>
        </test-method> <!-- createListingWithMandatoryDetails -->
        <test-method is-config="true" signature="logoutOfApplication()[pri:0, instance:com.cognizant.testscripts.TCListRoom@367ffa75]" started-at="2026-06-29T18:05:36 IST" name="logoutOfApplication" finished-at="2026-06-29T18:05:36 IST" duration-ms="199" status="PASS">
          <reporter-output>
          </reporter-output>
        </test-method> <!-- logoutOfApplication -->
        <test-method is-config="true" signature="loginToApplication()[pri:0, instance:com.cognizant.testscripts.TCListRoom@367ffa75]" started-at="2026-06-29T18:05:36 IST" name="loginToApplication" finished-at="2026-06-29T18:05:37 IST" duration-ms="402" status="PASS">
          <reporter-output>
          </reporter-output>
        </test-method> <!-- loginToApplication -->
        <test-method signature="verifyCreatedListingInMyListings()[pri:2, instance:com.cognizant.testscripts.TCListRoom@367ffa75]" started-at="2026-06-29T18:05:37 IST" name="verifyCreatedListingInMyListings" finished-at="2026-06-29T18:05:37 IST" depends-on-methods="com.cognizant.testscripts.TCListRoom.createListingWithMandatoryDetails" duration-ms="718" status="PASS">
          <reporter-output>
          </reporter-output>
        </test-method> <!-- verifyCreatedListingInMyListings -->
        <test-method is-config="true" signature="logoutOfApplication()[pri:0, instance:com.cognizant.testscripts.TCListRoom@367ffa75]" started-at="2026-06-29T18:05:37 IST" name="logoutOfApplication" finished-at="2026-06-29T18:05:38 IST" duration-ms="399" status="PASS">
          <reporter-output>
          </reporter-output>
        </test-method> <!-- logoutOfApplication -->
        <test-method is-config="true" signature="closeTheBrowser()[pri:0, instance:com.cognizant.testscripts.TCListRoom@367ffa75]" started-at="2026-06-29T18:05:38 IST" name="closeTheBrowser" finished-at="2026-06-29T18:05:47 IST" duration-ms="9145" status="PASS">
          <reporter-output>
          </reporter-output>
        </test-method> <!-- closeTheBrowser -->
      </class> <!-- com.cognizant.testscripts.TCListRoom -->
    </test> <!-- Default test -->
  </suite> <!-- Default suite -->
</testng-results>
