<?xml version="1.0" encoding="UTF-8"?>
<testng-results ignored="0" total="9" passed="9" failed="0" skipped="0">
  <reporter-output>
    <line>
      <![CDATA[Successfully Launched Chrome Browser]]>
    </line>
    <line>
      <![CDATA[Browser window is maximized successfully]]>
    </line>
    <line>
      <![CDATA[Known defect observed for rent -1. Actual message is not expected/user-friendly. Actual: Please fill all required (*) fields.]]>
    </line>
    <line>
      <![CDATA[Known defect observed for rent 9999999999. Actual message is not expected/user-friendly. Actual: could not execute statement [Data truncation: Out of range value for column 'rent_amount' at row 1] [insert into postings (available_beds,created_at,expires_at,food_rating,food_review,locality_and_landmark,needs_reconfirmation,office_campus,pg_name,posted_by_user_id,reminder_sent,rent_amount,service_rating,service_review,sharing_type,status,tenant_preference,total_beds) values (?,?,?,?,?,?,?,?,?,?,?,?,?,?,?,?,?,?)]; SQL [insert into postings (available_beds,created_at,expires_at,food_rating,food_review,locality_and_landmark,needs_reconfirmation,office_campus,pg_name,posted_by_user_id,reminder_sent,rent_amount,service_rating,service_review,sharing_type,status,tenant_preference,total_beds) values (?,?,?,?,?,?,?,?,?,?,?,?,?,?,?,?,?,?)]]]>
    </line>
  </reporter-output>
  <suite started-at="2026-06-29T21:25:27 IST" name="Suite" finished-at="2026-06-29T21:27:24 IST" duration-ms="117047">
    <groups>
      <group name="Boundary Value Testing">
        <method signature="TC022_RentBoundaryValue.TC022_Rent_Boundary_Value()[pri:0, instance:com.cognizant.testscripts.TC022_RentBoundaryValue@752325ad]" name="TC022_Rent_Boundary_Value" class="com.cognizant.testscripts.TC022_RentBoundaryValue"/>
      </group> <!-- Boundary Value Testing -->
      <group name="Smoke Testing">
        <method signature="TC017_CreateListingWithMandatoryDetails.TC017_Create_Listing_With_Mandatory_Details(java.lang.String,java.lang.String,java.lang.String,java.lang.String,java.lang.String,java.lang.String,java.lang.String,java.lang.String,java.lang.String,java.lang.String,java.lang.String,java.lang.String,java.lang.String)[pri:0, instance:com.cognizant.testscripts.TC017_CreateListingWithMandatoryDetails@710f4dc7]" name="TC017_Create_Listing_With_Mandatory_Details" class="com.cognizant.testscripts.TC017_CreateListingWithMandatoryDetails"/>
      </group> <!-- Smoke Testing -->
      <group name="candidate">
        <method signature="TC019_CandidateListingCreation.TC019_Candidate_Listing_Creation()[pri:0, instance:com.cognizant.testscripts.TC019_CandidateListingCreation@7a8c8dcf]" name="TC019_Candidate_Listing_Creation" class="com.cognizant.testscripts.TC019_CandidateListingCreation"/>
      </group> <!-- candidate -->
      <group name="Invalid input testing(Invalid or blank fields)">
        <method signature="TC022_RentBoundaryValue.TC022_Rent_Boundary_Value()[pri:0, instance:com.cognizant.testscripts.TC022_RentBoundaryValue@752325ad]" name="TC022_Rent_Boundary_Value" class="com.cognizant.testscripts.TC022_RentBoundaryValue"/>
      </group> <!-- Invalid input testing(Invalid or blank fields) -->
      <group name="Negative Testing">
        <method signature="TC022_RentBoundaryValue.TC022_Rent_Boundary_Value()[pri:0, instance:com.cognizant.testscripts.TC022_RentBoundaryValue@752325ad]" name="TC022_Rent_Boundary_Value" class="com.cognizant.testscripts.TC022_RentBoundaryValue"/>
      </group> <!-- Negative Testing -->
      <group name="Positive Testing">
        <method signature="TC017_CreateListingWithMandatoryDetails.TC017_Create_Listing_With_Mandatory_Details(java.lang.String,java.lang.String,java.lang.String,java.lang.String,java.lang.String,java.lang.String,java.lang.String,java.lang.String,java.lang.String,java.lang.String,java.lang.String,java.lang.String,java.lang.String)[pri:0, instance:com.cognizant.testscripts.TC017_CreateListingWithMandatoryDetails@710f4dc7]" name="TC017_Create_Listing_With_Mandatory_Details" class="com.cognizant.testscripts.TC017_CreateListingWithMandatoryDetails"/>
        <method signature="TC018_ListingWithoutPhotos.TC018_Listing_Without_Photos()[pri:0, instance:com.cognizant.testscripts.TC018_ListingWithoutPhotos@b3ca52e]" name="TC018_Listing_Without_Photos" class="com.cognizant.testscripts.TC018_ListingWithoutPhotos"/>
        <method signature="TC019_CandidateListingCreation.TC019_Candidate_Listing_Creation()[pri:0, instance:com.cognizant.testscripts.TC019_CandidateListingCreation@7a8c8dcf]" name="TC019_Candidate_Listing_Creation" class="com.cognizant.testscripts.TC019_CandidateListingCreation"/>
        <method signature="TC020_RemoveUploadedPhoto.TC020_Remove_Uploaded_Photo()[pri:0, instance:com.cognizant.testscripts.TC020_RemoveUploadedPhoto@2925bf5b]" name="TC020_Remove_Uploaded_Photo" class="com.cognizant.testscripts.TC020_RemoveUploadedPhoto"/>
        <method signature="TC021_UploadedImageCount.TC021_Uploaded_Image_Count()[pri:0, instance:com.cognizant.testscripts.TC021_UploadedImageCount@45c7e403]" name="TC021_Uploaded_Image_Count" class="com.cognizant.testscripts.TC021_UploadedImageCount"/>
        <method signature="TC022_RentBoundaryValue.TC022_Rent_Boundary_Value()[pri:0, instance:com.cognizant.testscripts.TC022_RentBoundaryValue@752325ad]" name="TC022_Rent_Boundary_Value" class="com.cognizant.testscripts.TC022_RentBoundaryValue"/>
        <method signature="TC023_CreatedListingCard.TC023_Created_Listing_Card()[pri:0, instance:com.cognizant.testscripts.TC023_CreatedListingCard@279fedbd]" name="TC023_Created_Listing_Card" class="com.cognizant.testscripts.TC023_CreatedListingCard"/>
      </group> <!-- Positive Testing -->
      <group name="Functional Testing">
        <method signature="TC017_CreateListingWithMandatoryDetails.TC017_Create_Listing_With_Mandatory_Details(java.lang.String,java.lang.String,java.lang.String,java.lang.String,java.lang.String,java.lang.String,java.lang.String,java.lang.String,java.lang.String,java.lang.String,java.lang.String,java.lang.String,java.lang.String)[pri:0, instance:com.cognizant.testscripts.TC017_CreateListingWithMandatoryDetails@710f4dc7]" name="TC017_Create_Listing_With_Mandatory_Details" class="com.cognizant.testscripts.TC017_CreateListingWithMandatoryDetails"/>
        <method signature="TC018_ListingWithoutPhotos.TC018_Listing_Without_Photos()[pri:0, instance:com.cognizant.testscripts.TC018_ListingWithoutPhotos@b3ca52e]" name="TC018_Listing_Without_Photos" class="com.cognizant.testscripts.TC018_ListingWithoutPhotos"/>
        <method signature="TC019_CandidateListingCreation.TC019_Candidate_Listing_Creation()[pri:0, instance:com.cognizant.testscripts.TC019_CandidateListingCreation@7a8c8dcf]" name="TC019_Candidate_Listing_Creation" class="com.cognizant.testscripts.TC019_CandidateListingCreation"/>
        <method signature="TC020_RemoveUploadedPhoto.TC020_Remove_Uploaded_Photo()[pri:0, instance:com.cognizant.testscripts.TC020_RemoveUploadedPhoto@2925bf5b]" name="TC020_Remove_Uploaded_Photo" class="com.cognizant.testscripts.TC020_RemoveUploadedPhoto"/>
        <method signature="TC021_UploadedImageCount.TC021_Uploaded_Image_Count()[pri:0, instance:com.cognizant.testscripts.TC021_UploadedImageCount@45c7e403]" name="TC021_Uploaded_Image_Count" class="com.cognizant.testscripts.TC021_UploadedImageCount"/>
        <method signature="TC022_RentBoundaryValue.TC022_Rent_Boundary_Value()[pri:0, instance:com.cognizant.testscripts.TC022_RentBoundaryValue@752325ad]" name="TC022_Rent_Boundary_Value" class="com.cognizant.testscripts.TC022_RentBoundaryValue"/>
        <method signature="TC023_CreatedListingCard.TC023_Created_Listing_Card()[pri:0, instance:com.cognizant.testscripts.TC023_CreatedListingCard@279fedbd]" name="TC023_Created_Listing_Card" class="com.cognizant.testscripts.TC023_CreatedListingCard"/>
      </group> <!-- Functional Testing -->
      <group name="UI Testing">
        <method signature="TC020_RemoveUploadedPhoto.TC020_Remove_Uploaded_Photo()[pri:0, instance:com.cognizant.testscripts.TC020_RemoveUploadedPhoto@2925bf5b]" name="TC020_Remove_Uploaded_Photo" class="com.cognizant.testscripts.TC020_RemoveUploadedPhoto"/>
        <method signature="TC021_UploadedImageCount.TC021_Uploaded_Image_Count()[pri:0, instance:com.cognizant.testscripts.TC021_UploadedImageCount@45c7e403]" name="TC021_Uploaded_Image_Count" class="com.cognizant.testscripts.TC021_UploadedImageCount"/>
        <method signature="TC023_CreatedListingCard.TC023_Created_Listing_Card()[pri:0, instance:com.cognizant.testscripts.TC023_CreatedListingCard@279fedbd]" name="TC023_Created_Listing_Card" class="com.cognizant.testscripts.TC023_CreatedListingCard"/>
      </group> <!-- UI Testing -->
    </groups>
    <test started-at="2026-06-29T21:25:27 IST" name="Test" finished-at="2026-06-29T21:27:24 IST" duration-ms="117047">
      <class name="com.cognizant.testscripts.TC020_RemoveUploadedPhoto">
        <test-method is-config="true" signature="loginToApplication(java.lang.reflect.Method)[pri:0, instance:com.cognizant.testscripts.TC020_RemoveUploadedPhoto@2925bf5b]" started-at="2026-06-29T21:26:43 IST" name="loginToApplication" finished-at="2026-06-29T21:26:43 IST" duration-ms="371" status="PASS">
          <params>
            <param index="0">
              <value>
                <![CDATA[public void com.cognizant.testscripts.TC020_RemoveUploadedPhoto.TC020_Remove_Uploaded_Photo()]]>
              </value>
            </param>
          </params>
          <reporter-output>
          </reporter-output>
        </test-method> <!-- loginToApplication -->
        <test-method signature="TC020_Remove_Uploaded_Photo()[pri:0, instance:com.cognizant.testscripts.TC020_RemoveUploadedPhoto@2925bf5b]" started-at="2026-06-29T21:26:43 IST" name="TC020_Remove_Uploaded_Photo" finished-at="2026-06-29T21:26:45 IST" duration-ms="1808" status="PASS">
          <reporter-output>
          </reporter-output>
        </test-method> <!-- TC020_Remove_Uploaded_Photo -->
        <test-method is-config="true" signature="logoutOfApplication()[pri:0, instance:com.cognizant.testscripts.TC020_RemoveUploadedPhoto@2925bf5b]" started-at="2026-06-29T21:26:45 IST" name="logoutOfApplication" finished-at="2026-06-29T21:26:45 IST" duration-ms="208" status="PASS">
          <reporter-output>
          </reporter-output>
        </test-method> <!-- logoutOfApplication -->
      </class> <!-- com.cognizant.testscripts.TC020_RemoveUploadedPhoto -->
      <class name="com.cognizant.testscripts.TC021_UploadedImageCount">
        <test-method is-config="true" signature="loginToApplication(java.lang.reflect.Method)[pri:0, instance:com.cognizant.testscripts.TC021_UploadedImageCount@45c7e403]" started-at="2026-06-29T21:26:38 IST" name="loginToApplication" finished-at="2026-06-29T21:26:39 IST" duration-ms="472" status="PASS">
          <params>
            <param index="0">
              <value>
                <![CDATA[public void com.cognizant.testscripts.TC021_UploadedImageCount.TC021_Uploaded_Image_Count()]]>
              </value>
            </param>
          </params>
          <reporter-output>
          </reporter-output>
        </test-method> <!-- loginToApplication -->
        <test-method signature="TC021_Uploaded_Image_Count()[pri:0, instance:com.cognizant.testscripts.TC021_UploadedImageCount@45c7e403]" started-at="2026-06-29T21:26:39 IST" name="TC021_Uploaded_Image_Count" finished-at="2026-06-29T21:26:43 IST" duration-ms="4133" status="PASS">
          <reporter-output>
          </reporter-output>
        </test-method> <!-- TC021_Uploaded_Image_Count -->
        <test-method is-config="true" signature="logoutOfApplication()[pri:0, instance:com.cognizant.testscripts.TC021_UploadedImageCount@45c7e403]" started-at="2026-06-29T21:26:43 IST" name="logoutOfApplication" finished-at="2026-06-29T21:26:43 IST" duration-ms="180" status="PASS">
          <reporter-output>
          </reporter-output>
        </test-method> <!-- logoutOfApplication -->
      </class> <!-- com.cognizant.testscripts.TC021_UploadedImageCount -->
      <class name="com.cognizant.testscripts.TC022_RentBoundaryValue">
        <test-method is-config="true" signature="loginToApplication(java.lang.reflect.Method)[pri:0, instance:com.cognizant.testscripts.TC022_RentBoundaryValue@752325ad]" started-at="2026-06-29T21:25:43 IST" name="loginToApplication" finished-at="2026-06-29T21:25:43 IST" duration-ms="610" status="PASS">
          <params>
            <param index="0">
              <value>
                <![CDATA[public void com.cognizant.testscripts.TC022_RentBoundaryValue.TC022_Rent_Boundary_Value()]]>
              </value>
            </param>
          </params>
          <reporter-output>
          </reporter-output>
        </test-method> <!-- loginToApplication -->
        <test-method signature="TC022_Rent_Boundary_Value()[pri:0, instance:com.cognizant.testscripts.TC022_RentBoundaryValue@752325ad]" started-at="2026-06-29T21:25:43 IST" name="TC022_Rent_Boundary_Value" finished-at="2026-06-29T21:26:12 IST" duration-ms="28617" status="PASS">
          <reporter-output>
            <line>
              <![CDATA[Known defect observed for rent -1. Actual message is not expected/user-friendly. Actual: Please fill all required (*) fields.]]>
            </line>
            <line>
              <![CDATA[Known defect observed for rent 9999999999. Actual message is not expected/user-friendly. Actual: could not execute statement [Data truncation: Out of range value for column 'rent_amount' at row 1] [insert into postings (available_beds,created_at,expires_at,food_rating,food_review,locality_and_landmark,needs_reconfirmation,office_campus,pg_name,posted_by_user_id,reminder_sent,rent_amount,service_rating,service_review,sharing_type,status,tenant_preference,total_beds) values (?,?,?,?,?,?,?,?,?,?,?,?,?,?,?,?,?,?)]; SQL [insert into postings (available_beds,created_at,expires_at,food_rating,food_review,locality_and_landmark,needs_reconfirmation,office_campus,pg_name,posted_by_user_id,reminder_sent,rent_amount,service_rating,service_review,sharing_type,status,tenant_preference,total_beds) values (?,?,?,?,?,?,?,?,?,?,?,?,?,?,?,?,?,?)]]]>
            </line>
          </reporter-output>
        </test-method> <!-- TC022_Rent_Boundary_Value -->
        <test-method is-config="true" signature="logoutOfApplication()[pri:0, instance:com.cognizant.testscripts.TC022_RentBoundaryValue@752325ad]" started-at="2026-06-29T21:26:12 IST" name="logoutOfApplication" finished-at="2026-06-29T21:26:12 IST" duration-ms="274" status="PASS">
          <reporter-output>
          </reporter-output>
        </test-method> <!-- logoutOfApplication -->
      </class> <!-- com.cognizant.testscripts.TC022_RentBoundaryValue -->
      <class name="com.cognizant.testscripts.TC018_ListingWithoutPhotos">
        <test-method is-config="true" signature="loginToApplication(java.lang.reflect.Method)[pri:0, instance:com.cognizant.testscripts.TC018_ListingWithoutPhotos@b3ca52e]" started-at="2026-06-29T21:26:25 IST" name="loginToApplication" finished-at="2026-06-29T21:26:26 IST" duration-ms="493" status="PASS">
          <params>
            <param index="0">
              <value>
                <![CDATA[public void com.cognizant.testscripts.TC018_ListingWithoutPhotos.TC018_Listing_Without_Photos()]]>
              </value>
            </param>
          </params>
          <reporter-output>
          </reporter-output>
        </test-method> <!-- loginToApplication -->
        <test-method signature="TC018_Listing_Without_Photos()[pri:0, instance:com.cognizant.testscripts.TC018_ListingWithoutPhotos@b3ca52e]" started-at="2026-06-29T21:26:26 IST" name="TC018_Listing_Without_Photos" finished-at="2026-06-29T21:26:38 IST" duration-ms="12336" status="PASS">
          <reporter-output>
          </reporter-output>
        </test-method> <!-- TC018_Listing_Without_Photos -->
        <test-method is-config="true" signature="logoutOfApplication()[pri:0, instance:com.cognizant.testscripts.TC018_ListingWithoutPhotos@b3ca52e]" started-at="2026-06-29T21:26:38 IST" name="logoutOfApplication" finished-at="2026-06-29T21:26:38 IST" duration-ms="168" status="PASS">
          <reporter-output>
          </reporter-output>
        </test-method> <!-- logoutOfApplication -->
      </class> <!-- com.cognizant.testscripts.TC018_ListingWithoutPhotos -->
      <class name="com.cognizant.testscripts.TC023_CreatedListingCard">
        <test-method is-config="true" signature="loginToApplication(java.lang.reflect.Method)[pri:0, instance:com.cognizant.testscripts.TC023_CreatedListingCard@279fedbd]" started-at="2026-06-29T21:26:12 IST" name="loginToApplication" finished-at="2026-06-29T21:26:13 IST" duration-ms="596" status="PASS">
          <params>
            <param index="0">
              <value>
                <![CDATA[public void com.cognizant.testscripts.TC023_CreatedListingCard.TC023_Created_Listing_Card()]]>
              </value>
            </param>
          </params>
          <reporter-output>
          </reporter-output>
        </test-method> <!-- loginToApplication -->
        <test-method signature="TC023_Created_Listing_Card()[pri:0, instance:com.cognizant.testscripts.TC023_CreatedListingCard@279fedbd]" started-at="2026-06-29T21:26:13 IST" name="TC023_Created_Listing_Card" finished-at="2026-06-29T21:26:25 IST" duration-ms="12182" status="PASS">
          <reporter-output>
          </reporter-output>
        </test-method> <!-- TC023_Created_Listing_Card -->
        <test-method is-config="true" signature="logoutOfApplication()[pri:0, instance:com.cognizant.testscripts.TC023_CreatedListingCard@279fedbd]" started-at="2026-06-29T21:26:25 IST" name="logoutOfApplication" finished-at="2026-06-29T21:26:25 IST" duration-ms="244" status="PASS">
          <reporter-output>
          </reporter-output>
        </test-method> <!-- logoutOfApplication -->
      </class> <!-- com.cognizant.testscripts.TC023_CreatedListingCard -->
      <class name="com.cognizant.testscripts.TC019_CandidateListingCreation">
        <test-method is-config="true" signature="openTheBrowser(java.lang.String)[pri:0, instance:com.cognizant.testscripts.TC019_CandidateListingCreation@7a8c8dcf]" started-at="2026-06-29T21:25:14 IST" name="openTheBrowser" finished-at="2026-06-29T21:25:27 IST" duration-ms="12628" status="PASS">
          <params>
            <param index="0">
              <value>
                <![CDATA[chrome]]>
              </value>
            </param>
          </params>
          <reporter-output>
            <line>
              <![CDATA[Successfully Launched Chrome Browser]]>
            </line>
            <line>
              <![CDATA[Browser window is maximized successfully]]>
            </line>
          </reporter-output>
        </test-method> <!-- openTheBrowser -->
        <test-method is-config="true" signature="loginToApplication(java.lang.reflect.Method)[pri:0, instance:com.cognizant.testscripts.TC019_CandidateListingCreation@7a8c8dcf]" started-at="2026-06-29T21:25:27 IST" name="loginToApplication" finished-at="2026-06-29T21:25:29 IST" duration-ms="2180" status="PASS">
          <params>
            <param index="0">
              <value>
                <![CDATA[public void com.cognizant.testscripts.TC019_CandidateListingCreation.TC019_Candidate_Listing_Creation()]]>
              </value>
            </param>
          </params>
          <reporter-output>
          </reporter-output>
        </test-method> <!-- loginToApplication -->
        <test-method signature="TC019_Candidate_Listing_Creation()[pri:0, instance:com.cognizant.testscripts.TC019_CandidateListingCreation@7a8c8dcf]" started-at="2026-06-29T21:25:29 IST" name="TC019_Candidate_Listing_Creation" finished-at="2026-06-29T21:25:42 IST" duration-ms="13004" status="PASS">
          <reporter-output>
          </reporter-output>
        </test-method> <!-- TC019_Candidate_Listing_Creation -->
        <test-method is-config="true" signature="logoutOfApplication()[pri:0, instance:com.cognizant.testscripts.TC019_CandidateListingCreation@7a8c8dcf]" started-at="2026-06-29T21:25:42 IST" name="logoutOfApplication" finished-at="2026-06-29T21:25:43 IST" duration-ms="319" status="PASS">
          <reporter-output>
          </reporter-output>
        </test-method> <!-- logoutOfApplication -->
        <test-method is-config="true" signature="closeTheBrowser()[pri:0, instance:com.cognizant.testscripts.TC019_CandidateListingCreation@7a8c8dcf]" started-at="2026-06-29T21:27:24 IST" name="closeTheBrowser" finished-at="2026-06-29T21:27:31 IST" duration-ms="7356" status="PASS">
          <reporter-output>
          </reporter-output>
        </test-method> <!-- closeTheBrowser -->
      </class> <!-- com.cognizant.testscripts.TC019_CandidateListingCreation -->
      <class name="com.cognizant.testscripts.TC017_CreateListingWithMandatoryDetails">
        <test-method is-config="true" signature="loginToApplication(java.lang.reflect.Method)[pri:0, instance:com.cognizant.testscripts.TC017_CreateListingWithMandatoryDetails@710f4dc7]" started-at="2026-06-29T21:26:47 IST" name="loginToApplication" finished-at="2026-06-29T21:26:47 IST" duration-ms="317" status="PASS">
          <params>
            <param index="0">
              <value>
                <![CDATA[public void com.cognizant.testscripts.TC017_CreateListingWithMandatoryDetails.TC017_Create_Listing_With_Mandatory_Details(java.lang.String,java.lang.String,java.lang.String,java.lang.String,java.lang.String,java.lang.String,java.lang.String,java.lang.String,java.lang.String,java.lang.String,java.lang.String,java.lang.String,java.lang.String)]]>
              </value>
            </param>
          </params>
          <reporter-output>
          </reporter-output>
        </test-method> <!-- loginToApplication -->
        <test-method signature="TC017_Create_Listing_With_Mandatory_Details(java.lang.String,java.lang.String,java.lang.String,java.lang.String,java.lang.String,java.lang.String,java.lang.String,java.lang.String,java.lang.String,java.lang.String,java.lang.String,java.lang.String,java.lang.String)[pri:0, instance:com.cognizant.testscripts.TC017_CreateListingWithMandatoryDetails@710f4dc7]" started-at="2026-06-29T21:26:47 IST" name="TC017_Create_Listing_With_Mandatory_Details" data-provider="listRoomData" finished-at="2026-06-29T21:26:59 IST" duration-ms="11705" status="PASS">
          <params>
            <param index="0">
              <value>
                <![CDATA[TC017]]>
              </value>
            </param>
            <param index="1">
              <value>
                <![CDATA[Test PG]]>
              </value>
            </param>
            <param index="2">
              <value>
                <![CDATA[Near Navalur]]>
              </value>
            </param>
            <param index="3">
              <value>
                <![CDATA[Chennai]]>
              </value>
            </param>
            <param index="4">
              <value>
                <![CDATA[Siruseri]]>
              </value>
            </param>
            <param index="5">
              <value>
                <![CDATA[Double (2 beds)]]>
              </value>
            </param>
            <param index="6">
              <value>
                <![CDATA[1 of 2]]>
              </value>
            </param>
            <param index="7">
              <value>
                <![CDATA[Co-Living PG (anyone)]]>
              </value>
            </param>
            <param index="8">
              <value>
                <![CDATA[8000]]>
              </value>
            </param>
            <param index="9">
              <value>
                <![CDATA[5]]>
              </value>
            </param>
            <param index="10">
              <value>
                <![CDATA[5]]>
              </value>
            </param>
            <param index="11">
              <value>
                <![CDATA[Very good.]]>
              </value>
            </param>
            <param index="12">
              <value>
                <![CDATA[Very good.]]>
              </value>
            </param>
          </params>
          <reporter-output>
          </reporter-output>
        </test-method> <!-- TC017_Create_Listing_With_Mandatory_Details -->
        <test-method is-config="true" signature="logoutOfApplication()[pri:0, instance:com.cognizant.testscripts.TC017_CreateListingWithMandatoryDetails@710f4dc7]" started-at="2026-06-29T21:26:59 IST" name="logoutOfApplication" finished-at="2026-06-29T21:26:59 IST" duration-ms="148" status="PASS">
          <reporter-output>
          </reporter-output>
        </test-method> <!-- logoutOfApplication -->
        <test-method is-config="true" signature="loginToApplication(java.lang.reflect.Method)[pri:0, instance:com.cognizant.testscripts.TC017_CreateListingWithMandatoryDetails@710f4dc7]" started-at="2026-06-29T21:26:59 IST" name="loginToApplication" finished-at="2026-06-29T21:26:59 IST" duration-ms="353" status="PASS">
          <params>
            <param index="0">
              <value>
                <![CDATA[public void com.cognizant.testscripts.TC017_CreateListingWithMandatoryDetails.TC017_Create_Listing_With_Mandatory_Details(java.lang.String,java.lang.String,java.lang.String,java.lang.String,java.lang.String,java.lang.String,java.lang.String,java.lang.String,java.lang.String,java.lang.String,java.lang.String,java.lang.String,java.lang.String)]]>
              </value>
            </param>
          </params>
          <reporter-output>
          </reporter-output>
        </test-method> <!-- loginToApplication -->
        <test-method signature="TC017_Create_Listing_With_Mandatory_Details(java.lang.String,java.lang.String,java.lang.String,java.lang.String,java.lang.String,java.lang.String,java.lang.String,java.lang.String,java.lang.String,java.lang.String,java.lang.String,java.lang.String,java.lang.String)[pri:0, instance:com.cognizant.testscripts.TC017_CreateListingWithMandatoryDetails@710f4dc7]" started-at="2026-06-29T21:26:59 IST" name="TC017_Create_Listing_With_Mandatory_Details" data-provider="listRoomData" finished-at="2026-06-29T21:27:11 IST" duration-ms="11948" status="PASS">
          <params>
            <param index="0">
              <value>
                <![CDATA[TC018]]>
              </value>
            </param>
            <param index="1">
              <value>
                <![CDATA[Test PG No Photo]]>
              </value>
            </param>
            <param index="2">
              <value>
                <![CDATA[Near Navalur]]>
              </value>
            </param>
            <param index="3">
              <value>
                <![CDATA[Chennai]]>
              </value>
            </param>
            <param index="4">
              <value>
                <![CDATA[Siruseri]]>
              </value>
            </param>
            <param index="5">
              <value>
                <![CDATA[Double (2 beds)]]>
              </value>
            </param>
            <param index="6">
              <value>
                <![CDATA[1 of 2]]>
              </value>
            </param>
            <param index="7">
              <value>
                <![CDATA[Co-Living PG (anyone)]]>
              </value>
            </param>
            <param index="8">
              <value>
                <![CDATA[8000]]>
              </value>
            </param>
            <param index="9">
              <value>
                <![CDATA[5]]>
              </value>
            </param>
            <param index="10">
              <value>
                <![CDATA[5]]>
              </value>
            </param>
            <param index="11">
              <value>
                <![CDATA[Very good.]]>
              </value>
            </param>
            <param index="12">
              <value>
                <![CDATA[Very good.]]>
              </value>
            </param>
          </params>
          <reporter-output>
          </reporter-output>
        </test-method> <!-- TC017_Create_Listing_With_Mandatory_Details -->
        <test-method is-config="true" signature="logoutOfApplication()[pri:0, instance:com.cognizant.testscripts.TC017_CreateListingWithMandatoryDetails@710f4dc7]" started-at="2026-06-29T21:27:11 IST" name="logoutOfApplication" finished-at="2026-06-29T21:27:11 IST" duration-ms="192" status="PASS">
          <reporter-output>
          </reporter-output>
        </test-method> <!-- logoutOfApplication -->
        <test-method is-config="true" signature="loginToApplication(java.lang.reflect.Method)[pri:0, instance:com.cognizant.testscripts.TC017_CreateListingWithMandatoryDetails@710f4dc7]" started-at="2026-06-29T21:27:11 IST" name="loginToApplication" finished-at="2026-06-29T21:27:12 IST" duration-ms="410" status="PASS">
          <params>
            <param index="0">
              <value>
                <![CDATA[public void com.cognizant.testscripts.TC017_CreateListingWithMandatoryDetails.TC017_Create_Listing_With_Mandatory_Details(java.lang.String,java.lang.String,java.lang.String,java.lang.String,java.lang.String,java.lang.String,java.lang.String,java.lang.String,java.lang.String,java.lang.String,java.lang.String,java.lang.String,java.lang.String)]]>
              </value>
            </param>
          </params>
          <reporter-output>
          </reporter-output>
        </test-method> <!-- loginToApplication -->
        <test-method signature="TC017_Create_Listing_With_Mandatory_Details(java.lang.String,java.lang.String,java.lang.String,java.lang.String,java.lang.String,java.lang.String,java.lang.String,java.lang.String,java.lang.String,java.lang.String,java.lang.String,java.lang.String,java.lang.String)[pri:0, instance:com.cognizant.testscripts.TC017_CreateListingWithMandatoryDetails@710f4dc7]" started-at="2026-06-29T21:27:12 IST" name="TC017_Create_Listing_With_Mandatory_Details" data-provider="listRoomData" finished-at="2026-06-29T21:27:24 IST" duration-ms="12020" status="PASS">
          <params>
            <param index="0">
              <value>
                <![CDATA[TC017_ALT]]>
              </value>
            </param>
            <param index="1">
              <value>
                <![CDATA[Lake View PG]]>
              </value>
            </param>
            <param index="2">
              <value>
                <![CDATA[Near SIPCOT]]>
              </value>
            </param>
            <param index="3">
              <value>
                <![CDATA[Chennai]]>
              </value>
            </param>
            <param index="4">
              <value>
                <![CDATA[Sholinganallur]]>
              </value>
            </param>
            <param index="5">
              <value>
                <![CDATA[Triple (3 beds)]]>
              </value>
            </param>
            <param index="6">
              <value>
                <![CDATA[2 of 3]]>
              </value>
            </param>
            <param index="7">
              <value>
                <![CDATA[Co-Living PG (anyone)]]>
              </value>
            </param>
            <param index="8">
              <value>
                <![CDATA[9500]]>
              </value>
            </param>
            <param index="9">
              <value>
                <![CDATA[4]]>
              </value>
            </param>
            <param index="10">
              <value>
                <![CDATA[5]]>
              </value>
            </param>
            <param index="11">
              <value>
                <![CDATA[Food is good.]]>
              </value>
            </param>
            <param index="12">
              <value>
                <![CDATA[Service is prompt.]]>
              </value>
            </param>
          </params>
          <reporter-output>
          </reporter-output>
        </test-method> <!-- TC017_Create_Listing_With_Mandatory_Details -->
        <test-method is-config="true" signature="logoutOfApplication()[pri:0, instance:com.cognizant.testscripts.TC017_CreateListingWithMandatoryDetails@710f4dc7]" started-at="2026-06-29T21:27:24 IST" name="logoutOfApplication" finished-at="2026-06-29T21:27:24 IST" duration-ms="190" status="PASS">
          <reporter-output>
          </reporter-output>
        </test-method> <!-- logoutOfApplication -->
      </class> <!-- com.cognizant.testscripts.TC017_CreateListingWithMandatoryDetails -->
    </test> <!-- Test -->
  </suite> <!-- Suite -->
</testng-results>
