<?xml version="1.0" encoding="UTF-8"?>
<!-- Generated by org.testng.reporters.JUnitReportReporter -->
<testsuite hostname="LTIN732590" failures="1" tests="10" name="com.cognizant.testscripts.TCListRoom" time="74.416" errors="1" timestamp="2026-06-29T18:05:47 IST" skipped="0">
  <testcase classname="com.cognizant.testscripts.TCListRoom" name="TC021_Uploaded_Image_Count" time="6.611"/>
  <testcase classname="com.cognizant.testscripts.TCListRoom" name="TC020_Remove_Uploaded_Photo" time="7.175"/>
  <testcase classname="com.cognizant.testscripts.TCListRoom" name="TC022_Rent_Boundary_Value" time="14.134">
    <failure message="The following asserts failed:
	Invalid rent -1 should show a proper rent validation message, not generic required-fields error. Actual: Please fill all required (*) fields. expected [false] but found [true],
	Invalid rent 9999999999 should not expose SQL error. Actual: could not execute statement [Data truncation: Out of range value for column &#039;rent_amount&#039; at row 1] [insert into postings (available_beds,created_at,expires_at,food_rating,food_review,locality_and_landmark,needs_reconfirmation,office_campus,pg_name,posted_by_user_id,reminder_sent,rent_amount,service_rating,service_review,sharing_type,status,tenant_preference,total_beds) values (?,?,?,?,?,?,?,?,?,?,?,?,?,?,?,?,?,?)]; SQL [insert into postings (available_beds,created_at,expires_at,food_rating,food_review,locality_and_landmark,needs_reconfirmation,office_campus,pg_name,posted_by_user_id,reminder_sent,rent_amount,service_rating,service_review,sharing_type,status,tenant_preference,total_beds) values (?,?,?,?,?,?,?,?,?,?,?,?,?,?,?,?,?,?)] expected [false] but found [true]" type="java.lang.AssertionError">
      <![CDATA[java.lang.AssertionError: The following asserts failed:
Invalid rent -1 should show a proper rent validation message, not generic required-fields error. Actual: Please fill all required (*) fields. expected [false] but found [true],
Invalid rent 9999999999 should not expose SQL error. Actual: could not execute statement [Data truncation: Out of range value for column 'rent_amount' at row 1] [insert into postings (available_beds,created_at,expires_at,food_rating,food_review,locality_and_landmark,needs_reconfirmation,office_campus,pg_name,posted_by_user_id,reminder_sent,rent_amount,service_rating,service_review,sharing_type,status,tenant_preference,total_beds) values (?,?,?,?,?,?,?,?,?,?,?,?,?,?,?,?,?,?)]; SQL [insert into postings (available_beds,created_at,expires_at,food_rating,food_review,locality_and_landmark,needs_reconfirmation,office_campus,pg_name,posted_by_user_id,reminder_sent,rent_amount,service_rating,service_review,sharing_type,status,tenant_preference,total_beds) values (?,?,?,?,?,?,?,?,?,?,?,?,?,?,?,?,?,?)] expected [false] but found [true]
at org.testng.asserts.SoftAssert.assertAll(SoftAssert.java:46)
at org.testng.asserts.SoftAssert.assertAll(SoftAssert.java:30)
at com.cognizant.testscripts.TCListRoom.TC022_Rent_Boundary_Value(TCListRoom.java:305)
at java.base/jdk.internal.reflect.DirectMethodHandleAccessor.invoke(DirectMethodHandleAccessor.java:103)
at java.base/java.lang.reflect.Method.invoke(Method.java:580)
at org.testng.internal.invokers.MethodInvocationHelper.invokeMethod(MethodInvocationHelper.java:141)
at org.testng.internal.invokers.TestInvoker.invokeMethod(TestInvoker.java:687)
at org.testng.internal.invokers.TestInvoker.invokeTestMethod(TestInvoker.java:230)
at org.testng.internal.invokers.MethodRunner.runInSequence(MethodRunner.java:63)
at org.testng.internal.invokers.TestInvoker$MethodInvocationAgent.invoke(TestInvoker.java:995)
at org.testng.internal.invokers.TestInvoker.invokeTestMethods(TestInvoker.java:203)
at org.testng.internal.invokers.TestMethodWorker.invokeTestMethods(TestMethodWorker.java:154)
at org.testng.internal.invokers.TestMethodWorker.run(TestMethodWorker.java:134)
at java.base/java.util.ArrayList.forEach(ArrayList.java:1596)
at org.testng.TestRunner.privateRun(TestRunner.java:741)
at org.testng.TestRunner.run(TestRunner.java:616)
at org.testng.SuiteRunner.runTest(SuiteRunner.java:421)
at org.testng.SuiteRunner.runSequentially(SuiteRunner.java:413)
at org.testng.SuiteRunner.privateRun(SuiteRunner.java:373)
at org.testng.SuiteRunner.run(SuiteRunner.java:312)
at org.testng.SuiteRunnerWorker.runSuite(SuiteRunnerWorker.java:52)
at org.testng.SuiteRunnerWorker.run(SuiteRunnerWorker.java:95)
at org.testng.TestNG.runSuitesSequentially(TestNG.java:1274)
at org.testng.TestNG.runSuitesLocally(TestNG.java:1208)
at org.testng.TestNG.runSuites(TestNG.java:1112)
at org.testng.TestNG.run(TestNG.java:1079)
at org.testng.remote.AbstractRemoteTestNG.run(AbstractRemoteTestNG.java:115)
at org.testng.remote.RemoteTestNG.initAndRun(RemoteTestNG.java:293)
at org.testng.remote.RemoteTestNG.main(RemoteTestNG.java:91)
]]>
    </failure>
  </testcase> <!-- TC022_Rent_Boundary_Value -->
  <testcase classname="com.cognizant.testscripts.TCListRoom" name="TC019_Candidate_Listing_Creation" time="16.717">
    <error message="Expected condition failed: waiting for url to contain &quot;/my-listings&quot;. Current url: &quot;http://localhost:4200/create-listing&quot;
(tried for 10 seconds with 500 milliseconds interval)
Build info: version: &#039;4.41.0&#039;, revision: &#039;9fc754f&#039;
System info: os.name: &#039;Windows 11&#039;, os.arch: &#039;amd64&#039;, os.version: &#039;10.0&#039;, java.version: &#039;21.0.10&#039;
Driver info: org.openqa.selenium.chrome.ChromeDriver
Capabilities {acceptInsecureCerts: false, browserName: chrome, browserVersion: 149.0.7827.103, chrome: {chromedriverVersion: 149.0.7827.155 (07b52360cc1..., userDataDir: C:\Users\2492381\AppData\Lo...}, fedcm:accounts: true, goog:chromeOptions: {debuggerAddress: localhost:50971}, goog:processID: 115528, networkConnectionEnabled: false, pageLoadStrategy: normal, platformName: windows, proxy: Proxy(), se:cdp: ws://localhost:50971/devtoo..., se:cdpVersion: 149.0.7827.103, setWindowRect: true, strictFileInteractability: false, timeouts: {implicit: 0, pageLoad: 300000, script: 30000}, unhandledPromptBehavior: dismiss and notify, webauthn:extension:credBlob: true, webauthn:extension:largeBlob: true, webauthn:extension:minPinLength: true, webauthn:extension:prf: true, webauthn:virtualAuthenticators: true}
Session ID: c292ef1c93ddfb02a84f576ff9d672f1" type="org.openqa.selenium.TimeoutException">
      <![CDATA[org.openqa.selenium.TimeoutException: Expected condition failed: waiting for url to contain "/my-listings". Current url: "http://localhost:4200/create-listing"
(tried for 10 seconds with 500 milliseconds interval)
Build info: version: '4.41.0', revision: '9fc754f'
System info: os.name: 'Windows 11', os.arch: 'amd64', os.version: '10.0', java.version: '21.0.10'
Driver info: org.openqa.selenium.chrome.ChromeDriver
Capabilities {acceptInsecureCerts: false, browserName: chrome, browserVersion: 149.0.7827.103, chrome: {chromedriverVersion: 149.0.7827.155 (07b52360cc1..., userDataDir: C:\Users\2492381\AppData\Lo...}, fedcm:accounts: true, goog:chromeOptions: {debuggerAddress: localhost:50971}, goog:processID: 115528, networkConnectionEnabled: false, pageLoadStrategy: normal, platformName: windows, proxy: Proxy(), se:cdp: ws://localhost:50971/devtoo..., se:cdpVersion: 149.0.7827.103, setWindowRect: true, strictFileInteractability: false, timeouts: {implicit: 0, pageLoad: 300000, script: 30000}, unhandledPromptBehavior: dismiss and notify, webauthn:extension:credBlob: true, webauthn:extension:largeBlob: true, webauthn:extension:minPinLength: true, webauthn:extension:prf: true, webauthn:virtualAuthenticators: true}
Session ID: c292ef1c93ddfb02a84f576ff9d672f1
at org.openqa.selenium.support.ui.WebDriverWait.timeoutException(WebDriverWait.java:85)
at org.openqa.selenium.support.ui.FluentWait.until(FluentWait.java:233)
at com.cognizant.testscripts.TCListRoom.publishAndWaitForMyListings(TCListRoom.java:115)
at com.cognizant.testscripts.TCListRoom.TC019_Candidate_Listing_Creation(TCListRoom.java:235)
at java.base/jdk.internal.reflect.DirectMethodHandleAccessor.invoke(DirectMethodHandleAccessor.java:103)
at java.base/java.lang.reflect.Method.invoke(Method.java:580)
at org.testng.internal.invokers.MethodInvocationHelper.invokeMethod(MethodInvocationHelper.java:141)
at org.testng.internal.invokers.TestInvoker.invokeMethod(TestInvoker.java:687)
at org.testng.internal.invokers.TestInvoker.invokeTestMethod(TestInvoker.java:230)
at org.testng.internal.invokers.MethodRunner.runInSequence(MethodRunner.java:63)
at org.testng.internal.invokers.TestInvoker$MethodInvocationAgent.invoke(TestInvoker.java:995)
at org.testng.internal.invokers.TestInvoker.invokeTestMethods(TestInvoker.java:203)
at org.testng.internal.invokers.TestMethodWorker.invokeTestMethods(TestMethodWorker.java:154)
at org.testng.internal.invokers.TestMethodWorker.run(TestMethodWorker.java:134)
at java.base/java.util.ArrayList.forEach(ArrayList.java:1596)
at org.testng.TestRunner.privateRun(TestRunner.java:741)
at org.testng.TestRunner.run(TestRunner.java:616)
at org.testng.SuiteRunner.runTest(SuiteRunner.java:421)
at org.testng.SuiteRunner.runSequentially(SuiteRunner.java:413)
at org.testng.SuiteRunner.privateRun(SuiteRunner.java:373)
at org.testng.SuiteRunner.run(SuiteRunner.java:312)
at org.testng.SuiteRunnerWorker.runSuite(SuiteRunnerWorker.java:52)
at org.testng.SuiteRunnerWorker.run(SuiteRunnerWorker.java:95)
at org.testng.TestNG.runSuitesSequentially(TestNG.java:1274)
at org.testng.TestNG.runSuitesLocally(TestNG.java:1208)
at org.testng.TestNG.runSuites(TestNG.java:1112)
at org.testng.TestNG.run(TestNG.java:1079)
at org.testng.remote.AbstractRemoteTestNG.run(AbstractRemoteTestNG.java:115)
at org.testng.remote.RemoteTestNG.initAndRun(RemoteTestNG.java:293)
at org.testng.remote.RemoteTestNG.main(RemoteTestNG.java:91)
]]>
    </error>
  </testcase> <!-- TC019_Candidate_Listing_Creation -->
  <testcase classname="com.cognizant.testscripts.TCListRoom" name="TC018_Listing_Without_Photos" time="8.906"/>
  <testcase classname="com.cognizant.testscripts.TCListRoom" name="TC023_Created_Listing_Card" time="8.023"/>
  <testcase classname="com.cognizant.testscripts.TCListRoom" name="createListingWithMandatoryDetails" time="3.402"/>
  <testcase classname="com.cognizant.testscripts.TCListRoom" name="createListingWithMandatoryDetails" time="3.498"/>
  <testcase classname="com.cognizant.testscripts.TCListRoom" name="createListingWithMandatoryDetails" time="4.234"/>
  <testcase classname="com.cognizant.testscripts.TCListRoom" name="verifyCreatedListingInMyListings" time="1.716"/>
  <system-out>
    <![CDATA[Successfully Launched Chrome Browser
Browser window is maximized successfully]]>
  </system-out>
</testsuite> <!-- com.cognizant.testscripts.TCListRoom -->
